<?xml version="1.0" encoding="UTF-8"?>
<testsuites name="BCONMobile" time="533" tests="1" failures="3" errors="0">
   <testsuite name="BCONMobile" tests="1" failures="3" errors="0" time="533" timestamp="2018-01-12 14:18:05" hostname="Pasindu - DESKTOP-41D70DC" id="Test Suites/BCONMobile">
      <properties>
         <property name="deviceName" value="samsung SM-G570F 6.0.1"/>
         <property name="devicePlatform" value=""/>
         <property name="logFolder" value="C:\\Users\\Pasindu\\git\\Katalon_BCON_Mobile\\Reports\\BCONMobile\\20180112_141803"/>
         <property name="logFiles" value="C:\\Users\\Pasindu\\git\\Katalon_BCON_Mobile\\Reports\\BCONMobile\\20180112_141803\\appium.log, C:\\Users\\Pasindu\\git\\Katalon_BCON_Mobile\\Reports\\BCONMobile\\20180112_141803\\execution0.log"/>
         <property name="attachments" value=""/>
         <property name="hostName" value="Pasindu - DESKTOP-41D70DC"/>
         <property name="os" value="Windows 10 64bit"/>
         <property name="katalonVersion" value="5.2.0.1"/>
         <property name="deviceOS" value="Android"/>
         <property name="appiumVersion" value="1.7.2"/>
         <property name="deviceModel" value="SM-G570F"/>
         <property name="hostAddress" value="192.168.8.107"/>
         <property name="deviceManufacturer" value="samsung"/>
         <property name="deviceId" value="421041ecd284741f"/>
         <property name="deviceName" value="samsung SM-G570F 6.0.1"/>
         <property name="deviceOSVersion" value="6.0.1"/>
      </properties>
      <testcase name="Test Cases/SignIn" classname="Test Cases/SignIn" status="PASSED">
         <system-out><![CDATA[2018-01-12 14:18:05 - [TEST_CASE][PASSED] - Test Cases/SignIn: Test Cases/SignIn

2018-01-12 14:18:05 - [TEST_STEP][PASSED] - startApplication: Started app at: 'C:\Users\Pasindu\Desktop\Avonet\drive-download-20180104T074633Z-001\app-passenger.apk'

2018-01-12 14:19:34 - [MESSAGE][PASSED] - Started app at: 'C:\Users\Pasindu\Desktop\Avonet\drive-download-20180104T074633Z-001\app-passenger.apk'

2018-01-12 14:19:34 - [TEST_STEP][PASSED] - tap: Tapped on element 'Object Repository/SignIN/android.view.ViewGroup7'

2018-01-12 14:19:34 - [MESSAGE][WARNING] - Timeout '0' is invalid. Using default page load timeout: '30'

2018-01-12 14:19:41 - [MESSAGE][PASSED] - Tapped on element 'Object Repository/SignIN/android.view.ViewGroup7'

2018-01-12 14:19:41 - [TEST_STEP][PASSED] - setText: Text '0715645545' has been set to element 'Object Repository/SignIN/android.widget.EditText0 - Mobile Number'

2018-01-12 14:19:41 - [MESSAGE][WARNING] - Timeout '0' is invalid. Using default page load timeout: '30'

2018-01-12 14:19:51 - [MESSAGE][PASSED] - Text '0715645545' has been set to element 'Object Repository/SignIN/android.widget.EditText0 - Mobile Number'

2018-01-12 14:19:51 - [TEST_STEP][PASSED] - setText: Text 'password123' has been set to element 'Object Repository/SignIN/android.widget.EditText1'

2018-01-12 14:19:51 - [MESSAGE][WARNING] - Timeout '0' is invalid. Using default page load timeout: '30'

2018-01-12 14:20:03 - [MESSAGE][PASSED] - Text 'password123' has been set to element 'Object Repository/SignIN/android.widget.EditText1'

2018-01-12 14:20:03 - [TEST_STEP][PASSED] - tap: Tapped on element 'Object Repository/SignIN/android.view.ViewGroup9'

2018-01-12 14:20:03 - [MESSAGE][WARNING] - Timeout '0' is invalid. Using default page load timeout: '30'

2018-01-12 14:20:04 - [MESSAGE][PASSED] - Tapped on element 'Object Repository/SignIN/android.view.ViewGroup9'

2018-01-12 14:20:04 - [TEST_STEP][PASSED] - tap: Tapped on element 'Object Repository/SignIN/android.view.ViewGroup9 (1)'

2018-01-12 14:20:04 - [MESSAGE][WARNING] - Timeout '0' is invalid. Using default page load timeout: '30'

2018-01-12 14:20:05 - [MESSAGE][PASSED] - Tapped on element 'Object Repository/SignIN/android.view.ViewGroup9 (1)']]></system-out>
         <system-err><![CDATA[]]></system-err>
      </testcase>
      <testcase name="Test Cases/Accounts" classname="Test Cases/Accounts" status="FAILED">
         <failure type="FAILED" message="Failed to tap on element 'Object Repository/Accounts/android.view.ViewGroup7' (Root cause: Object Object Repository/Accounts/android.view.ViewGroup7 not found)"/>
         <system-out><![CDATA[2018-01-12 14:20:05 - [TEST_CASE][FAILED] - Test Cases/Accounts: Test Cases/Accounts FAILED because (of) Failed to tap on element 'Object Repository/Accounts/android.view.ViewGroup7' (Root cause: Object Object Repository/Accounts/android.view.ViewGroup7 not found)

2018-01-12 14:20:06 - [TEST_STEP][PASSED] - startApplication: Started app at: 'C:\Users\Pasindu\Desktop\Avonet\drive-download-20180104T074633Z-001\app-passenger.apk'

2018-01-12 14:21:34 - [MESSAGE][PASSED] - Started app at: 'C:\Users\Pasindu\Desktop\Avonet\drive-download-20180104T074633Z-001\app-passenger.apk'

2018-01-12 14:21:34 - [TEST_STEP][FAILED] - tap: Failed to tap on element 'Object Repository/Accounts/android.view.ViewGroup7' (Root cause: Object Object Repository/Accounts/android.view.ViewGroup7 not found)

2018-01-12 14:21:34 - [MESSAGE][WARNING] - Timeout '0' is invalid. Using default page load timeout: '30'

2018-01-12 14:22:05 - [MESSAGE][FAILED] - Object Object Repository/Accounts/android.view.ViewGroup7 not found

2018-01-12 14:22:05 - [MESSAGE][FAILED] - Failed to tap on element 'Object Repository/Accounts/android.view.ViewGroup7' (Root cause: Object Object Repository/Accounts/android.view.ViewGroup7 not found)]]></system-out>
         <system-err><![CDATA[2018-01-12 14:20:05 - [TEST_CASE][FAILED] - Test Cases/Accounts: Test Cases/Accounts FAILED because (of) Failed to tap on element 'Object Repository/Accounts/android.view.ViewGroup7' (Root cause: Object Object Repository/Accounts/android.view.ViewGroup7 not found)]]></system-err>
      </testcase>
      <testcase name="Test Cases/ActiveTrips" classname="Test Cases/ActiveTrips" status="FAILED">
         <failure type="FAILED" message="Failed to tap on element 'Object Repository/ActiveTrips/android.view.ViewGroup7' (Root cause: Object Object Repository/ActiveTrips/android.view.ViewGroup7 not found)"/>
         <system-out><![CDATA[2018-01-12 14:22:05 - [TEST_CASE][FAILED] - Test Cases/ActiveTrips: Test Cases/ActiveTrips FAILED because (of) Failed to tap on element 'Object Repository/ActiveTrips/android.view.ViewGroup7' (Root cause: Object Object Repository/ActiveTrips/android.view.ViewGroup7 not found)

2018-01-12 14:22:05 - [TEST_STEP][PASSED] - startApplication: Started app at: 'C:\Users\Pasindu\Desktop\Avonet\drive-download-20180104T074633Z-001\app-passenger.apk'

2018-01-12 14:23:55 - [MESSAGE][PASSED] - Started app at: 'C:\Users\Pasindu\Desktop\Avonet\drive-download-20180104T074633Z-001\app-passenger.apk'

2018-01-12 14:23:55 - [TEST_STEP][FAILED] - tap: Failed to tap on element 'Object Repository/ActiveTrips/android.view.ViewGroup7' (Root cause: Object Object Repository/ActiveTrips/android.view.ViewGroup7 not found)

2018-01-12 14:23:55 - [MESSAGE][WARNING] - Timeout '0' is invalid. Using default page load timeout: '30'

2018-01-12 14:24:28 - [MESSAGE][FAILED] - Object Object Repository/ActiveTrips/android.view.ViewGroup7 not found

2018-01-12 14:24:28 - [MESSAGE][FAILED] - Failed to tap on element 'Object Repository/ActiveTrips/android.view.ViewGroup7' (Root cause: Object Object Repository/ActiveTrips/android.view.ViewGroup7 not found)]]></system-out>
         <system-err><![CDATA[2018-01-12 14:22:05 - [TEST_CASE][FAILED] - Test Cases/ActiveTrips: Test Cases/ActiveTrips FAILED because (of) Failed to tap on element 'Object Repository/ActiveTrips/android.view.ViewGroup7' (Root cause: Object Object Repository/ActiveTrips/android.view.ViewGroup7 not found)]]></system-err>
      </testcase>
      <testcase name="Test Cases/TripRequest" classname="Test Cases/TripRequest" status="FAILED">
         <failure type="FAILED" message="Failed to tap on element 'Object Repository/TripRequest/android.view.ViewGroup7' (Root cause: Object Object Repository/TripRequest/android.view.ViewGroup7 not found)"/>
         <system-out><![CDATA[2018-01-12 14:24:28 - [TEST_CASE][FAILED] - Test Cases/TripRequest: Test Cases/TripRequest FAILED because (of) Failed to tap on element 'Object Repository/TripRequest/android.view.ViewGroup7' (Root cause: Object Object Repository/TripRequest/android.view.ViewGroup7 not found)

2018-01-12 14:24:28 - [TEST_STEP][PASSED] - startApplication: Started app at: 'C:\Users\Pasindu\Desktop\Avonet\drive-download-20180104T074633Z-001\app-passenger.apk'

2018-01-12 14:26:19 - [MESSAGE][PASSED] - Started app at: 'C:\Users\Pasindu\Desktop\Avonet\drive-download-20180104T074633Z-001\app-passenger.apk'

2018-01-12 14:26:19 - [TEST_STEP][FAILED] - tap: Failed to tap on element 'Object Repository/TripRequest/android.view.ViewGroup7' (Root cause: Object Object Repository/TripRequest/android.view.ViewGroup7 not found)

2018-01-12 14:26:19 - [MESSAGE][WARNING] - Timeout '0' is invalid. Using default page load timeout: '30'

2018-01-12 14:26:50 - [MESSAGE][FAILED] - Object Object Repository/TripRequest/android.view.ViewGroup7 not found

2018-01-12 14:26:50 - [MESSAGE][FAILED] - Failed to tap on element 'Object Repository/TripRequest/android.view.ViewGroup7' (Root cause: Object Object Repository/TripRequest/android.view.ViewGroup7 not found)]]></system-out>
         <system-err><![CDATA[2018-01-12 14:24:28 - [TEST_CASE][FAILED] - Test Cases/TripRequest: Test Cases/TripRequest FAILED because (of) Failed to tap on element 'Object Repository/TripRequest/android.view.ViewGroup7' (Root cause: Object Object Repository/TripRequest/android.view.ViewGroup7 not found)]]></system-err>
      </testcase>
      <system-out><![CDATA[2018-01-12 14:18:05 - [TEST_SUITE][FAILED] - BCONMobile: Test Cases/Accounts FAILED because (of) Failed to tap on element 'Object Repository/Accounts/android.view.ViewGroup7' (Root cause: Object Object Repository/Accounts/android.view.ViewGroup7 not found)]]></system-out>
      <system-err><![CDATA[2018-01-12 14:18:05 - [TEST_SUITE][FAILED] - BCONMobile: Test Cases/Accounts FAILED because (of) Failed to tap on element 'Object Repository/Accounts/android.view.ViewGroup7' (Root cause: Object Object Repository/Accounts/android.view.ViewGroup7 not found)]]></system-err>
   </testsuite>
</testsuites>
